# JRE version: OpenJDK Runtime Environment (11.0.12+7) (build 11.0.12+7-b1504.28-7817840)
# Java VM: OpenJDK 64-Bit Server VM (11.0.12+7-b1504.28-7817840, mixed mode, tiered, compressed oops, g1 gc, windows-amd64)
Heap:
 garbage-first heap   total 592896K, used 190641K [0x0000000080000000, 0x0000000100000000)
  region size 1024K, 9 young (9216K), 9 survivors (9216K)
 Metaspace       used 109020K, capacity 111915K, committed 112716K, reserved 1146880K
  class space    used 14030K, capacity 15138K, committed 15488K, reserved 1048576K
GC Heap History (20 events):
Event: 29.378 GC heap after
{Heap after GC invocations=62 (full 0):
 garbage-first heap   total 529408K, used 206548K [0x0000000080000000, 0x0000000100000000)
  region size 1024K, 18 young (18432K), 18 survivors (18432K)
 Metaspace       used 108844K, capacity 111682K, committed 112460K, reserved 1146880K
  class space    used 14022K, capacity 15093K, committed 15488K, reserved 1048576K
}
Event: 30.072 GC heap before
{Heap before GC invocations=62 (full 0):
 garbage-first heap   total 529408K, used 442068K [0x0000000080000000, 0x0000000100000000)
  region size 1024K, 248 young (253952K), 18 survivors (18432K)
 Metaspace       used 108861K, capacity 111779K, committed 112716K, reserved 1146880K
  class space    used 14023K, capacity 15125K, committed 15488K, reserved 1048576K
}
Event: 30.090 GC heap after
{Heap after GC invocations=63 (full 0):
 garbage-first heap   total 529408K, used 203376K [0x0000000080000000, 0x0000000100000000)
  region size 1024K, 13 young (13312K), 13 survivors (13312K)
 Metaspace       used 108861K, capacity 111779K, committed 112716K, reserved 1146880K
  class space    used 14023K, capacity 15125K, committed 15488K, reserved 1048576K
}
Event: 31.038 GC heap before
{Heap before GC invocations=63 (full 0):
 garbage-first heap   total 529408K, used 457328K [0x0000000080000000, 0x0000000100000000)
  region size 1024K, 261 young (267264K), 13 survivors (13312K)
 Metaspace       used 108864K, capacity 111779K, committed 112716K, reserved 1146880K
  class space    used 14023K, capacity 15125K, committed 15488K, reserved 1048576K
}
Event: 31.060 GC heap after
{Heap after GC invocations=64 (full 0):
 garbage-first heap   total 529408K, used 205168K [0x0000000080000000, 0x0000000100000000)
  region size 1024K, 15 young (15360K), 15 survivors (15360K)
 Metaspace       used 108864K, capacity 111779K, committed 112716K, reserved 1146880K
  class space    used 14023K, capacity 15125K, committed 15488K, reserved 1048576K
}
Event: 31.659 GC heap before
{Heap before GC invocations=64 (full 0):
 garbage-first heap   total 529408K, used 459120K [0x0000000080000000, 0x0000000100000000)
  region size 1024K, 263 young (269312K), 15 survivors (15360K)
 Metaspace       used 108942K, capacity 111808K, committed 112716K, reserved 1146880K
  class space    used 14023K, capacity 15125K, committed 15488K, reserved 1048576K
}
Event: 31.703 GC heap after
{Heap after GC invocations=65 (full 0):
 garbage-first heap   total 529408K, used 233031K [0x0000000080000000, 0x0000000100000000)
  region size 1024K, 33 young (33792K), 33 survivors (33792K)
 Metaspace       used 108942K, capacity 111808K, committed 112716K, reserved 1146880K
  class space    used 14023K, capacity 15125K, committed 15488K, reserved 1048576K
}
Event: 32.130 GC heap before
{Heap before GC invocations=65 (full 0):
 garbage-first heap   total 529408K, used 437831K [0x0000000080000000, 0x0000000100000000)
  region size 1024K, 233 young (238592K), 33 survivors (33792K)
 Metaspace       used 108946K, capacity 111810K, committed 112716K, reserved 1146880K
  class space    used 14023K, capacity 15125K, committed 15488K, reserved 1048576K
}
Event: 32.168 GC heap after
{Heap after GC invocations=66 (full 0):
 garbage-first heap   total 529408K, used 239456K [0x0000000080000000, 0x0000000100000000)
  region size 1024K, 12 young (12288K), 12 survivors (12288K)
 Metaspace       used 108946K, capacity 111810K, committed 112716K, reserved 1146880K
  class space    used 14023K, capacity 15125K, committed 15488K, reserved 1048576K
}
Event: 32.616 GC heap before
{Heap before GC invocations=66 (full 0):
 garbage-first heap   total 529408K, used 440160K [0x0000000080000000, 0x0000000100000000)
  region size 1024K, 208 young (212992K), 12 survivors (12288K)
 Metaspace       used 108950K, capacity 111811K, committed 112716K, reserved 1146880K
  class space    used 14023K, capacity 15125K, committed 15488K, reserved 1048576K
}
Event: 32.632 GC heap after
{Heap after GC invocations=67 (full 0):
 garbage-first heap   total 529408K, used 241504K [0x0000000080000000, 0x0000000100000000)
  region size 1024K, 14 young (14336K), 14 survivors (14336K)
 Metaspace       used 108950K, capacity 111811K, committed 112716K, reserved 1146880K
  class space    used 14023K, capacity 15125K, committed 15488K, reserved 1048576K
}
Event: 33.054 GC heap before
{Heap before GC invocations=67 (full 0):
 garbage-first heap   total 529408K, used 444256K [0x0000000080000000, 0x0000000100000000)
  region size 1024K, 212 young (217088K), 14 survivors (14336K)
 Metaspace       used 108952K, capacity 111811K, committed 112716K, reserved 1146880K
  class space    used 14023K, capacity 15125K, committed 15488K, reserved 1048576K
}
Event: 33.070 GC heap after
{Heap after GC invocations=68 (full 0):
 garbage-first heap   total 529408K, used 242725K [0x0000000080000000, 0x0000000100000000)
  region size 1024K, 4 young (4096K), 4 survivors (4096K)
 Metaspace       used 108952K, capacity 111811K, committed 112716K, reserved 1146880K
  class space    used 14023K, capacity 15125K, committed 15488K, reserved 1048576K
}
Event: 33.555 GC heap before
{Heap before GC invocations=68 (full 0):
 garbage-first heap   total 529408K, used 447525K [0x0000000080000000, 0x0000000100000000)
  region size 1024K, 204 young (208896K), 4 survivors (4096K)
 Metaspace       used 108958K, capacity 111876K, committed 112716K, reserved 1146880K
  class space    used 14023K, capacity 15125K, committed 15488K, reserved 1048576K
}
Event: 33.568 GC heap after
{Heap after GC invocations=69 (full 0):
 garbage-first heap   total 529408K, used 242749K [0x0000000080000000, 0x0000000100000000)
  region size 1024K, 4 young (4096K), 4 survivors (4096K)
 Metaspace       used 108958K, capacity 111876K, committed 112716K, reserved 1146880K
  class space    used 14023K, capacity 15125K, committed 15488K, reserved 1048576K
}
Event: 34.314 GC heap before
{Heap before GC invocations=70 (full 0):
 garbage-first heap   total 529408K, used 433213K [0x0000000080000000, 0x0000000100000000)
  region size 1024K, 207 young (211968K), 4 survivors (4096K)
 Metaspace       used 109009K, capacity 111915K, committed 112716K, reserved 1146880K
  class space    used 14030K, capacity 15138K, committed 15488K, reserved 1048576K
}
Event: 34.331 GC heap after
{Heap after GC invocations=71 (full 0):
 garbage-first heap   total 529408K, used 226747K [0x0000000080000000, 0x0000000100000000)
  region size 1024K, 5 young (5120K), 5 survivors (5120K)
 Metaspace       used 109009K, capacity 111915K, committed 112716K, reserved 1146880K
  class space    used 14030K, capacity 15138K, committed 15488K, reserved 1048576K
}
Event: 34.363 GC heap before
{Heap before GC invocations=71 (full 0):
 garbage-first heap   total 529408K, used 246203K [0x0000000080000000, 0x0000000100000000)
  region size 1024K, 25 young (25600K), 5 survivors (5120K)
 Metaspace       used 109010K, capacity 111915K, committed 112716K, reserved 1146880K
  class space    used 14030K, capacity 15138K, committed 15488K, reserved 1048576K
}
Event: 34.386 GC heap after
{Heap after GC invocations=72 (full 0):
 garbage-first heap   total 529408K, used 185506K [0x0000000080000000, 0x0000000100000000)
  region size 1024K, 4 young (4096K), 4 survivors (4096K)
 Metaspace       used 109010K, capacity 111915K, committed 112716K, reserved 1146880K
  class space    used 14030K, capacity 15138K, committed 15488K, reserved 1048576K
}
Event: 35.014 GC heap before
{Heap before GC invocations=72 (full 0):
 garbage-first heap   total 529408K, used 428194K [0x0000000080000000, 0x0000000100000000)
  region size 1024K, 242 young (247808K), 4 survivors (4096K)
 Metaspace       used 109020K, capacity 111915K, committed 112716K, reserved 1146880K
  class space    used 14030K, capacity 15138K, committed 15488K, reserved 1048576K
}

