# JRE version: OpenJDK Runtime Environment (11.0.12+7) (build 11.0.12+7-b1504.28-7817840)
# Java VM: OpenJDK 64-Bit Server VM (11.0.12+7-b1504.28-7817840, mixed mode, tiered, compressed oops, g1 gc, windows-amd64)
Heap:
 garbage-first heap   total 225280K, used 159999K [0x0000000080000000, 0x0000000100000000)
  region size 1024K, 5 young (5120K), 2 survivors (2048K)
 Metaspace       used 139253K, capacity 143400K, committed 143564K, reserved 1173504K
  class space    used 17570K, capacity 19038K, committed 19148K, reserved 1048576K
GC Heap History (20 events):
Event: 1277.045 GC heap before
{Heap before GC invocations=75 (full 0):
 garbage-first heap   total 225280K, used 178306K [0x0000000080000000, 0x0000000100000000)
  region size 1024K, 11 young (11264K), 2 survivors (2048K)
 Metaspace       used 126433K, capacity 130289K, committed 130508K, reserved 1163264K
  class space    used 15919K, capacity 17251K, committed 17356K, reserved 1048576K
}
Event: 1277.057 GC heap after
{Heap after GC invocations=76 (full 0):
 garbage-first heap   total 225280K, used 168993K [0x0000000080000000, 0x0000000100000000)
  region size 1024K, 1 young (1024K), 1 survivors (1024K)
 Metaspace       used 126433K, capacity 130289K, committed 130508K, reserved 1163264K
  class space    used 15919K, capacity 17251K, committed 17356K, reserved 1048576K
}
Event: 1278.307 GC heap before
{Heap before GC invocations=76 (full 0):
 garbage-first heap   total 225280K, used 186401K [0x0000000080000000, 0x0000000100000000)
  region size 1024K, 19 young (19456K), 1 survivors (1024K)
 Metaspace       used 127518K, capacity 131382K, committed 131660K, reserved 1163264K
  class space    used 16038K, capacity 17357K, committed 17484K, reserved 1048576K
}
Event: 1278.312 GC heap after
{Heap after GC invocations=77 (full 0):
 garbage-first heap   total 225280K, used 169556K [0x0000000080000000, 0x0000000100000000)
  region size 1024K, 2 young (2048K), 2 survivors (2048K)
 Metaspace       used 127518K, capacity 131382K, committed 131660K, reserved 1163264K
  class space    used 16038K, capacity 17357K, committed 17484K, reserved 1048576K
}
Event: 1279.102 GC heap before
{Heap before GC invocations=78 (full 0):
 garbage-first heap   total 225280K, used 182868K [0x0000000080000000, 0x0000000100000000)
  region size 1024K, 21 young (21504K), 2 survivors (2048K)
 Metaspace       used 128270K, capacity 132133K, committed 132428K, reserved 1165312K
  class space    used 16103K, capacity 17432K, committed 17484K, reserved 1048576K
}
Event: 1279.109 GC heap after
{Heap after GC invocations=79 (full 0):
 garbage-first heap   total 225280K, used 165267K [0x0000000080000000, 0x0000000100000000)
  region size 1024K, 3 young (3072K), 3 survivors (3072K)
 Metaspace       used 128270K, capacity 132133K, committed 132428K, reserved 1165312K
  class space    used 16103K, capacity 17432K, committed 17484K, reserved 1048576K
}
Event: 1279.187 GC heap before
{Heap before GC invocations=79 (full 0):
 garbage-first heap   total 225280K, used 172435K [0x0000000080000000, 0x0000000100000000)
  region size 1024K, 11 young (11264K), 3 survivors (3072K)
 Metaspace       used 128329K, capacity 132215K, committed 132428K, reserved 1165312K
  class space    used 16103K, capacity 17432K, committed 17484K, reserved 1048576K
}
Event: 1279.200 GC heap after
{Heap after GC invocations=80 (full 0):
 garbage-first heap   total 225280K, used 152534K [0x0000000080000000, 0x0000000100000000)
  region size 1024K, 1 young (1024K), 1 survivors (1024K)
 Metaspace       used 128329K, capacity 132215K, committed 132428K, reserved 1165312K
  class space    used 16103K, capacity 17432K, committed 17484K, reserved 1048576K
}
Event: 1279.635 GC heap before
{Heap before GC invocations=80 (full 0):
 garbage-first heap   total 225280K, used 179158K [0x0000000080000000, 0x0000000100000000)
  region size 1024K, 28 young (28672K), 1 survivors (1024K)
 Metaspace       used 128460K, capacity 132297K, committed 132428K, reserved 1165312K
  class space    used 16117K, capacity 17436K, committed 17484K, reserved 1048576K
}
Event: 1279.643 GC heap after
{Heap after GC invocations=81 (full 0):
 garbage-first heap   total 225280K, used 154124K [0x0000000080000000, 0x0000000100000000)
  region size 1024K, 3 young (3072K), 3 survivors (3072K)
 Metaspace       used 128460K, capacity 132297K, committed 132428K, reserved 1165312K
  class space    used 16117K, capacity 17436K, committed 17484K, reserved 1048576K
}
Event: 1280.236 GC heap before
{Heap before GC invocations=82 (full 0):
 garbage-first heap   total 225280K, used 181772K [0x0000000080000000, 0x0000000100000000)
  region size 1024K, 31 young (31744K), 3 survivors (3072K)
 Metaspace       used 128484K, capacity 132303K, committed 132428K, reserved 1165312K
  class space    used 16119K, capacity 17438K, committed 17484K, reserved 1048576K
}
Event: 1280.242 GC heap after
{Heap after GC invocations=83 (full 0):
 garbage-first heap   total 225280K, used 155198K [0x0000000080000000, 0x0000000100000000)
  region size 1024K, 3 young (3072K), 3 survivors (3072K)
 Metaspace       used 128484K, capacity 132303K, committed 132428K, reserved 1165312K
  class space    used 16119K, capacity 17438K, committed 17484K, reserved 1048576K
}
Event: 1280.348 GC heap before
{Heap before GC invocations=83 (full 0):
 garbage-first heap   total 225280K, used 162366K [0x0000000080000000, 0x0000000100000000)
  region size 1024K, 11 young (11264K), 3 survivors (3072K)
 Metaspace       used 128492K, capacity 132303K, committed 132428K, reserved 1165312K
  class space    used 16119K, capacity 17438K, committed 17484K, reserved 1048576K
}
Event: 1280.355 GC heap after
{Heap after GC invocations=84 (full 0):
 garbage-first heap   total 225280K, used 154889K [0x0000000080000000, 0x0000000100000000)
  region size 1024K, 1 young (1024K), 1 survivors (1024K)
 Metaspace       used 128492K, capacity 132303K, committed 132428K, reserved 1165312K
  class space    used 16119K, capacity 17438K, committed 17484K, reserved 1048576K
}
Event: 1281.484 GC heap before
{Heap before GC invocations=84 (full 0):
 garbage-first heap   total 225280K, used 184585K [0x0000000080000000, 0x0000000100000000)
  region size 1024K, 31 young (31744K), 1 survivors (1024K)
 Metaspace       used 133111K, capacity 137004K, committed 137164K, reserved 1169408K
  class space    used 16759K, capacity 18092K, committed 18124K, reserved 1048576K
}
Event: 1281.494 GC heap after
{Heap after GC invocations=85 (full 0):
 garbage-first heap   total 225280K, used 156833K [0x0000000080000000, 0x0000000100000000)
  region size 1024K, 3 young (3072K), 3 survivors (3072K)
 Metaspace       used 133111K, capacity 137004K, committed 137164K, reserved 1169408K
  class space    used 16759K, capacity 18092K, committed 18124K, reserved 1048576K
}
Event: 1282.384 GC heap before
{Heap before GC invocations=86 (full 0):
 garbage-first heap   total 225280K, used 186529K [0x0000000080000000, 0x0000000100000000)
  region size 1024K, 33 young (33792K), 3 survivors (3072K)
 Metaspace       used 138162K, capacity 142310K, committed 142412K, reserved 1173504K
  class space    used 17522K, capacity 18982K, committed 19020K, reserved 1048576K
}
Event: 1282.391 GC heap after
{Heap after GC invocations=87 (full 0):
 garbage-first heap   total 225280K, used 158028K [0x0000000080000000, 0x0000000100000000)
  region size 1024K, 4 young (4096K), 4 survivors (4096K)
 Metaspace       used 138162K, capacity 142310K, committed 142412K, reserved 1173504K
  class space    used 17522K, capacity 18982K, committed 19020K, reserved 1048576K
}
Event: 1283.236 GC heap before
{Heap before GC invocations=87 (full 0):
 garbage-first heap   total 225280K, used 187724K [0x0000000080000000, 0x0000000100000000)
  region size 1024K, 34 young (34816K), 4 survivors (4096K)
 Metaspace       used 139162K, capacity 143270K, committed 143564K, reserved 1173504K
  class space    used 17567K, capacity 19038K, committed 19148K, reserved 1048576K
}
Event: 1283.246 GC heap after
{Heap after GC invocations=88 (full 0):
 garbage-first heap   total 225280K, used 157951K [0x0000000080000000, 0x0000000100000000)
  region size 1024K, 2 young (2048K), 2 survivors (2048K)
 Metaspace       used 139162K, capacity 143270K, committed 143564K, reserved 1173504K
  class space    used 17567K, capacity 19038K, committed 19148K, reserved 1048576K
}

