# JRE version: OpenJDK Runtime Environment (11.0.12+7) (build 11.0.12+7-b1504.28-7817840)
# Java VM: OpenJDK 64-Bit Server VM (11.0.12+7-b1504.28-7817840, mixed mode, tiered, compressed oops, g1 gc, windows-amd64)
Heap:
 garbage-first heap   total 827392K, used 355759K [0x0000000080000000, 0x0000000100000000)
  region size 1024K, 4 young (4096K), 4 survivors (4096K)
 Metaspace       used 153580K, capacity 158142K, committed 158336K, reserved 1187840K
  class space    used 18955K, capacity 20579K, committed 20608K, reserved 1048576K
GC Heap History (20 events):
Event: 6004.836 GC heap after
{Heap after GC invocations=142 (full 0):
 garbage-first heap   total 361472K, used 169188K [0x0000000080000000, 0x0000000100000000)
  region size 1024K, 3 young (3072K), 3 survivors (3072K)
 Metaspace       used 152522K, capacity 157021K, committed 157312K, reserved 1185792K
  class space    used 18888K, capacity 20489K, committed 20608K, reserved 1048576K
}
Event: 6005.485 GC heap before
{Heap before GC invocations=143 (full 0):
 garbage-first heap   total 361472K, used 305380K [0x0000000080000000, 0x0000000100000000)
  region size 1024K, 75 young (76800K), 3 survivors (3072K)
 Metaspace       used 152583K, capacity 157087K, committed 157312K, reserved 1185792K
  class space    used 18889K, capacity 20489K, committed 20608K, reserved 1048576K
}
Event: 6005.506 GC heap after
{Heap after GC invocations=144 (full 0):
 garbage-first heap   total 361472K, used 227684K [0x0000000080000000, 0x0000000100000000)
  region size 1024K, 10 young (10240K), 10 survivors (10240K)
 Metaspace       used 152583K, capacity 157087K, committed 157312K, reserved 1185792K
  class space    used 18889K, capacity 20489K, committed 20608K, reserved 1048576K
}
Event: 6005.528 GC heap before
{Heap before GC invocations=144 (full 0):
 garbage-first heap   total 361472K, used 234852K [0x0000000080000000, 0x0000000100000000)
  region size 1024K, 17 young (17408K), 10 survivors (10240K)
 Metaspace       used 152585K, capacity 157087K, committed 157312K, reserved 1185792K
  class space    used 18889K, capacity 20489K, committed 20608K, reserved 1048576K
}
Event: 6005.545 GC heap after
{Heap after GC invocations=145 (full 0):
 garbage-first heap   total 361472K, used 228751K [0x0000000080000000, 0x0000000100000000)
  region size 1024K, 2 young (2048K), 2 survivors (2048K)
 Metaspace       used 152585K, capacity 157087K, committed 157312K, reserved 1185792K
  class space    used 18889K, capacity 20489K, committed 20608K, reserved 1048576K
}
Event: 6005.583 GC heap before
{Heap before GC invocations=145 (full 0):
 garbage-first heap   total 361472K, used 231823K [0x0000000080000000, 0x0000000100000000)
  region size 1024K, 7 young (7168K), 2 survivors (2048K)
 Metaspace       used 152589K, capacity 157088K, committed 157312K, reserved 1185792K
  class space    used 18889K, capacity 20489K, committed 20608K, reserved 1048576K
}
Event: 6005.590 GC heap after
{Heap after GC invocations=146 (full 0):
 garbage-first heap   total 361472K, used 230249K [0x0000000080000000, 0x0000000100000000)
  region size 1024K, 4 young (4096K), 4 survivors (4096K)
 Metaspace       used 152589K, capacity 157088K, committed 157312K, reserved 1185792K
  class space    used 18889K, capacity 20489K, committed 20608K, reserved 1048576K
}
Event: 6005.908 GC heap before
{Heap before GC invocations=146 (full 0):
 garbage-first heap   total 361472K, used 281449K [0x0000000080000000, 0x0000000100000000)
  region size 1024K, 52 young (53248K), 4 survivors (4096K)
 Metaspace       used 152724K, capacity 157224K, committed 157312K, reserved 1185792K
  class space    used 18907K, capacity 20528K, committed 20608K, reserved 1048576K
}
Event: 6005.939 GC heap after
{Heap after GC invocations=147 (full 0):
 garbage-first heap   total 361472K, used 248351K [0x0000000080000000, 0x0000000100000000)
  region size 1024K, 7 young (7168K), 7 survivors (7168K)
 Metaspace       used 152724K, capacity 157224K, committed 157312K, reserved 1185792K
  class space    used 18907K, capacity 20528K, committed 20608K, reserved 1048576K
}
Event: 6006.295 GC heap before
{Heap before GC invocations=148 (full 0):
 garbage-first heap   total 361472K, used 290335K [0x0000000080000000, 0x0000000100000000)
  region size 1024K, 47 young (48128K), 7 survivors (7168K)
 Metaspace       used 153083K, capacity 157585K, committed 157824K, reserved 1185792K
  class space    used 18924K, capacity 20533K, committed 20608K, reserved 1048576K
}
Event: 6006.338 GC heap after
{Heap after GC invocations=149 (full 0):
 garbage-first heap   total 361472K, used 266240K [0x0000000080000000, 0x0000000100000000)
  region size 1024K, 6 young (6144K), 6 survivors (6144K)
 Metaspace       used 153083K, capacity 157585K, committed 157824K, reserved 1185792K
  class space    used 18924K, capacity 20533K, committed 20608K, reserved 1048576K
}
Event: 6006.414 GC heap before
{Heap before GC invocations=149 (full 0):
 garbage-first heap   total 361472K, used 277504K [0x0000000080000000, 0x0000000100000000)
  region size 1024K, 17 young (17408K), 6 survivors (6144K)
 Metaspace       used 153095K, capacity 157649K, committed 157824K, reserved 1185792K
  class space    used 18924K, capacity 20533K, committed 20608K, reserved 1048576K
}
Event: 6006.449 GC heap after
{Heap after GC invocations=150 (full 0):
 garbage-first heap   total 510976K, used 269824K [0x0000000080000000, 0x0000000100000000)
  region size 1024K, 3 young (3072K), 3 survivors (3072K)
 Metaspace       used 153095K, capacity 157649K, committed 157824K, reserved 1185792K
  class space    used 18924K, capacity 20533K, committed 20608K, reserved 1048576K
}
Event: 6006.896 GC heap before
{Heap before GC invocations=150 (full 0):
 garbage-first heap   total 510976K, used 351744K [0x0000000080000000, 0x0000000100000000)
  region size 1024K, 84 young (86016K), 3 survivors (3072K)
 Metaspace       used 153336K, capacity 157875K, committed 158080K, reserved 1187840K
  class space    used 18947K, capacity 20565K, committed 20608K, reserved 1048576K
}
Event: 6006.963 GC heap after
{Heap after GC invocations=151 (full 0):
 garbage-first heap   total 510976K, used 311808K [0x0000000080000000, 0x0000000100000000)
  region size 1024K, 11 young (11264K), 11 survivors (11264K)
 Metaspace       used 153336K, capacity 157875K, committed 158080K, reserved 1187840K
  class space    used 18947K, capacity 20565K, committed 20608K, reserved 1048576K
}
Event: 6007.391 GC heap before
{Heap before GC invocations=151 (full 0):
 garbage-first heap   total 510976K, used 377344K [0x0000000080000000, 0x0000000100000000)
  region size 1024K, 76 young (77824K), 11 survivors (11264K)
 Metaspace       used 153422K, capacity 157890K, committed 158080K, reserved 1187840K
  class space    used 18948K, capacity 20567K, committed 20608K, reserved 1048576K
}
Event: 6007.440 GC heap after
{Heap after GC invocations=152 (full 0):
 garbage-first heap   total 510976K, used 343040K [0x0000000080000000, 0x0000000100000000)
  region size 1024K, 10 young (10240K), 10 survivors (10240K)
 Metaspace       used 153422K, capacity 157890K, committed 158080K, reserved 1187840K
  class space    used 18948K, capacity 20567K, committed 20608K, reserved 1048576K
}
Event: 6008.087 GC heap before
{Heap before GC invocations=153 (full 0):
 garbage-first heap   total 510976K, used 394240K [0x0000000080000000, 0x0000000100000000)
  region size 1024K, 63 young (64512K), 10 survivors (10240K)
 Metaspace       used 153569K, capacity 158138K, committed 158336K, reserved 1187840K
  class space    used 18955K, capacity 20579K, committed 20608K, reserved 1048576K
}
Event: 6008.120 GC heap after
{Heap after GC invocations=154 (full 0):
 garbage-first heap   total 510976K, used 351232K [0x0000000080000000, 0x0000000100000000)
  region size 1024K, 8 young (8192K), 8 survivors (8192K)
 Metaspace       used 153569K, capacity 158138K, committed 158336K, reserved 1187840K
  class space    used 18955K, capacity 20579K, committed 20608K, reserved 1048576K
}
Event: 6008.278 GC heap before
{Heap before GC invocations=154 (full 0):
 garbage-first heap   total 510976K, used 368640K [0x0000000080000000, 0x0000000100000000)
  region size 1024K, 27 young (27648K), 8 survivors (8192K)
 Metaspace       used 153580K, capacity 158142K, committed 158336K, reserved 1187840K
  class space    used 18955K, capacity 20579K, committed 20608K, reserved 1048576K
}

