# JRE version: OpenJDK Runtime Environment (11.0.12+7) (build 11.0.12+7-b1504.28-7817840)
# Java VM: OpenJDK 64-Bit Server VM (11.0.12+7-b1504.28-7817840, mixed mode, tiered, compressed oops, g1 gc, windows-amd64)
Heap:
 garbage-first heap   total 129024K, used 20907K [0x0000000082200000, 0x0000000100000000)
  region size 1024K, 1 young (1024K), 1 survivors (1024K)
 Metaspace       used 33577K, capacity 34055K, committed 34172K, reserved 1087488K
  class space    used 4201K, capacity 4392K, committed 4480K, reserved 1048576K
GC Heap History (8 events):
Event: 0.398 GC heap before
{Heap before GC invocations=0 (full 0):
 garbage-first heap   total 129024K, used 17408K [0x0000000082200000, 0x0000000100000000)
  region size 1024K, 14 young (14336K), 0 survivors (0K)
 Metaspace       used 9811K, capacity 9938K, committed 10112K, reserved 1058816K
  class space    used 840K, capacity 885K, committed 896K, reserved 1048576K
}
Event: 0.401 GC heap after
{Heap after GC invocations=1 (full 0):
 garbage-first heap   total 129024K, used 5441K [0x0000000082200000, 0x0000000100000000)
  region size 1024K, 2 young (2048K), 2 survivors (2048K)
 Metaspace       used 9811K, capacity 9938K, committed 10112K, reserved 1058816K
  class space    used 840K, capacity 885K, committed 896K, reserved 1048576K
}
Event: 1.143 GC heap before
{Heap before GC invocations=1 (full 0):
 garbage-first heap   total 129024K, used 50497K [0x0000000082200000, 0x0000000100000000)
  region size 1024K, 47 young (48128K), 2 survivors (2048K)
 Metaspace       used 20950K, capacity 21222K, committed 21248K, reserved 1069056K
  class space    used 2222K, capacity 2293K, committed 2304K, reserved 1048576K
}
Event: 1.153 GC heap after
{Heap after GC invocations=2 (full 0):
 garbage-first heap   total 129024K, used 9129K [0x0000000082200000, 0x0000000100000000)
  region size 1024K, 6 young (6144K), 6 survivors (6144K)
 Metaspace       used 20950K, capacity 21222K, committed 21248K, reserved 1069056K
  class space    used 2222K, capacity 2293K, committed 2304K, reserved 1048576K
}
Event: 1.884 GC heap before
{Heap before GC invocations=3 (full 0):
 garbage-first heap   total 129024K, used 59305K [0x0000000082200000, 0x0000000100000000)
  region size 1024K, 50 young (51200K), 6 survivors (6144K)
 Metaspace       used 32083K, capacity 32578K, committed 32636K, reserved 1077248K
  class space    used 4013K, capacity 4198K, committed 4224K, reserved 1048576K
}
Event: 1.897 GC heap after
{Heap after GC invocations=4 (full 0):
 garbage-first heap   total 129024K, used 20191K [0x0000000082200000, 0x0000000100000000)
  region size 1024K, 6 young (6144K), 6 survivors (6144K)
 Metaspace       used 32083K, capacity 32578K, committed 32636K, reserved 1077248K
  class space    used 4013K, capacity 4198K, committed 4224K, reserved 1048576K
}
Event: 1.977 GC heap before
{Heap before GC invocations=4 (full 0):
 garbage-first heap   total 129024K, used 25311K [0x0000000082200000, 0x0000000100000000)
  region size 1024K, 12 young (12288K), 6 survivors (6144K)
 Metaspace       used 33577K, capacity 34055K, committed 34172K, reserved 1085440K
  class space    used 4201K, capacity 4392K, committed 4480K, reserved 1048576K
}
Event: 1.984 GC heap after
{Heap after GC invocations=5 (full 0):
 garbage-first heap   total 129024K, used 20907K [0x0000000082200000, 0x0000000100000000)
  region size 1024K, 1 young (1024K), 1 survivors (1024K)
 Metaspace       used 33577K, capacity 34055K, committed 34172K, reserved 1085440K
  class space    used 4201K, capacity 4392K, committed 4480K, reserved 1048576K
}

