# JRE version: OpenJDK Runtime Environment (11.0.12+7) (build 11.0.12+7-b1504.28-7817840)
# Java VM: OpenJDK 64-Bit Server VM (11.0.12+7-b1504.28-7817840, mixed mode, tiered, compressed oops, g1 gc, windows-amd64)
Heap:
 garbage-first heap   total 225280K, used 150928K [0x0000000080000000, 0x0000000100000000)
  region size 1024K, 37 young (37888K), 7 survivors (7168K)
 Metaspace       used 128476K, capacity 132485K, committed 133240K, reserved 1165312K
  class space    used 15876K, capacity 17387K, committed 17580K, reserved 1048576K
GC Heap History (20 events):
Event: 7987.244 GC heap before
{Heap before GC invocations=108 (full 0):
 garbage-first heap   total 225280K, used 174924K [0x0000000080000000, 0x0000000100000000)
  region size 1024K, 68 young (69632K), 2 survivors (2048K)
 Metaspace       used 128065K, capacity 132079K, committed 132984K, reserved 1165312K
  class space    used 15868K, capacity 17375K, committed 17580K, reserved 1048576K
}
Event: 7987.254 GC heap after
{Heap after GC invocations=109 (full 0):
 garbage-first heap   total 225280K, used 111582K [0x0000000080000000, 0x0000000100000000)
  region size 1024K, 5 young (5120K), 5 survivors (5120K)
 Metaspace       used 128065K, capacity 132079K, committed 132984K, reserved 1165312K
  class space    used 15868K, capacity 17375K, committed 17580K, reserved 1048576K
}
Event: 7987.810 GC heap before
{Heap before GC invocations=110 (full 0):
 garbage-first heap   total 225280K, used 180190K [0x0000000080000000, 0x0000000100000000)
  region size 1024K, 71 young (72704K), 5 survivors (5120K)
 Metaspace       used 128084K, capacity 132080K, committed 132984K, reserved 1165312K
  class space    used 15868K, capacity 17375K, committed 17580K, reserved 1048576K
}
Event: 7987.821 GC heap after
{Heap after GC invocations=111 (full 0):
 garbage-first heap   total 225280K, used 114692K [0x0000000080000000, 0x0000000100000000)
  region size 1024K, 8 young (8192K), 8 survivors (8192K)
 Metaspace       used 128084K, capacity 132080K, committed 132984K, reserved 1165312K
  class space    used 15868K, capacity 17375K, committed 17580K, reserved 1048576K
}
Event: 7987.851 GC heap before
{Heap before GC invocations=111 (full 0):
 garbage-first heap   total 225280K, used 116740K [0x0000000080000000, 0x0000000100000000)
  region size 1024K, 11 young (11264K), 8 survivors (8192K)
 Metaspace       used 128084K, capacity 132080K, committed 132984K, reserved 1165312K
  class space    used 15868K, capacity 17375K, committed 17580K, reserved 1048576K
}
Event: 7987.864 GC heap after
{Heap after GC invocations=112 (full 0):
 garbage-first heap   total 225280K, used 115338K [0x0000000080000000, 0x0000000100000000)
  region size 1024K, 2 young (2048K), 2 survivors (2048K)
 Metaspace       used 128084K, capacity 132080K, committed 132984K, reserved 1165312K
  class space    used 15868K, capacity 17375K, committed 17580K, reserved 1048576K
}
Event: 7987.865 GC heap before
{Heap before GC invocations=112 (full 0):
 garbage-first heap   total 225280K, used 115338K [0x0000000080000000, 0x0000000100000000)
  region size 1024K, 3 young (3072K), 2 survivors (2048K)
 Metaspace       used 128084K, capacity 132080K, committed 132984K, reserved 1165312K
  class space    used 15868K, capacity 17375K, committed 17580K, reserved 1048576K
}
Event: 7987.869 GC heap after
{Heap after GC invocations=113 (full 0):
 garbage-first heap   total 225280K, used 114802K [0x0000000080000000, 0x0000000100000000)
  region size 1024K, 2 young (2048K), 2 survivors (2048K)
 Metaspace       used 128084K, capacity 132080K, committed 132984K, reserved 1165312K
  class space    used 15868K, capacity 17375K, committed 17580K, reserved 1048576K
}
Event: 8120.026 GC heap before
{Heap before GC invocations=114 (full 0):
 garbage-first heap   total 225280K, used 192626K [0x0000000080000000, 0x0000000100000000)
  region size 1024K, 53 young (54272K), 2 survivors (2048K)
 Metaspace       used 128128K, capacity 132094K, committed 132984K, reserved 1165312K
  class space    used 15870K, capacity 17378K, committed 17580K, reserved 1048576K
}
Event: 8120.029 GC heap after
{Heap after GC invocations=115 (full 0):
 garbage-first heap   total 225280K, used 114202K [0x0000000080000000, 0x0000000100000000)
  region size 1024K, 1 young (1024K), 1 survivors (1024K)
 Metaspace       used 128128K, capacity 132094K, committed 132984K, reserved 1165312K
  class space    used 15870K, capacity 17378K, committed 17580K, reserved 1048576K
}
Event: 8120.239 GC heap before
{Heap before GC invocations=115 (full 0):
 garbage-first heap   total 225280K, used 124442K [0x0000000080000000, 0x0000000100000000)
  region size 1024K, 11 young (11264K), 1 survivors (1024K)
 Metaspace       used 128138K, capacity 132094K, committed 132984K, reserved 1165312K
  class space    used 15870K, capacity 17378K, committed 17580K, reserved 1048576K
}
Event: 8120.318 GC heap after
{Heap after GC invocations=116 (full 0):
 garbage-first heap   total 225280K, used 115943K [0x0000000080000000, 0x0000000100000000)
  region size 1024K, 2 young (2048K), 2 survivors (2048K)
 Metaspace       used 128138K, capacity 132094K, committed 132984K, reserved 1165312K
  class space    used 15870K, capacity 17378K, committed 17580K, reserved 1048576K
}
Event: 8120.673 GC heap before
{Heap before GC invocations=116 (full 0):
 garbage-first heap   total 225280K, used 171239K [0x0000000080000000, 0x0000000100000000)
  region size 1024K, 57 young (58368K), 2 survivors (2048K)
 Metaspace       used 128244K, capacity 132297K, committed 132984K, reserved 1165312K
  class space    used 15870K, capacity 17379K, committed 17580K, reserved 1048576K
}
Event: 8120.684 GC heap after
{Heap after GC invocations=117 (full 0):
 garbage-first heap   total 225280K, used 122029K [0x0000000080000000, 0x0000000100000000)
  region size 1024K, 8 young (8192K), 8 survivors (8192K)
 Metaspace       used 128244K, capacity 132297K, committed 132984K, reserved 1165312K
  class space    used 15870K, capacity 17379K, committed 17580K, reserved 1048576K
}
Event: 8144.403 GC heap before
{Heap before GC invocations=118 (full 0):
 garbage-first heap   total 225280K, used 199853K [0x0000000080000000, 0x0000000100000000)
  region size 1024K, 61 young (62464K), 8 survivors (8192K)
 Metaspace       used 128334K, capacity 132394K, committed 133240K, reserved 1165312K
  class space    used 15874K, capacity 17384K, committed 17580K, reserved 1048576K
}
Event: 8144.422 GC heap after
{Heap after GC invocations=119 (full 0):
 garbage-first heap   total 225280K, used 122803K [0x0000000080000000, 0x0000000100000000)
  region size 1024K, 2 young (2048K), 2 survivors (2048K)
 Metaspace       used 128334K, capacity 132394K, committed 133240K, reserved 1165312K
  class space    used 15874K, capacity 17384K, committed 17580K, reserved 1048576K
}
Event: 8144.617 GC heap before
{Heap before GC invocations=119 (full 0):
 garbage-first heap   total 225280K, used 130995K [0x0000000080000000, 0x0000000100000000)
  region size 1024K, 11 young (11264K), 2 survivors (2048K)
 Metaspace       used 128336K, capacity 132394K, committed 133240K, reserved 1165312K
  class space    used 15874K, capacity 17384K, committed 17580K, reserved 1048576K
}
Event: 8144.649 GC heap after
{Heap after GC invocations=120 (full 0):
 garbage-first heap   total 225280K, used 117665K [0x0000000080000000, 0x0000000100000000)
  region size 1024K, 2 young (2048K), 2 survivors (2048K)
 Metaspace       used 128336K, capacity 132394K, committed 133240K, reserved 1165312K
  class space    used 15874K, capacity 17384K, committed 17580K, reserved 1048576K
}
Event: 8145.467 GC heap before
{Heap before GC invocations=120 (full 0):
 garbage-first heap   total 225280K, used 175009K [0x0000000080000000, 0x0000000100000000)
  region size 1024K, 59 young (60416K), 2 survivors (2048K)
 Metaspace       used 128403K, capacity 132403K, committed 133240K, reserved 1165312K
  class space    used 15875K, capacity 17385K, committed 17580K, reserved 1048576K
}
Event: 8145.488 GC heap after
{Heap after GC invocations=121 (full 0):
 garbage-first heap   total 225280K, used 123280K [0x0000000080000000, 0x0000000100000000)
  region size 1024K, 7 young (7168K), 7 survivors (7168K)
 Metaspace       used 128403K, capacity 132403K, committed 133240K, reserved 1165312K
  class space    used 15875K, capacity 17385K, committed 17580K, reserved 1048576K
}

