# JRE version: OpenJDK Runtime Environment (11.0.12+7) (build 11.0.12+7-b1504.28-7817840)
# Java VM: OpenJDK 64-Bit Server VM (11.0.12+7-b1504.28-7817840, mixed mode, tiered, compressed oops, g1 gc, windows-amd64)
Heap:
 garbage-first heap   total 548864K, used 280124K [0x0000000080000000, 0x0000000100000000)
  region size 1024K, 8 young (8192K), 8 survivors (8192K)
 Metaspace       used 129708K, capacity 133453K, committed 133760K, reserved 1165312K
  class space    used 16477K, capacity 17934K, committed 18048K, reserved 1048576K
GC Heap History (20 events):
Event: 178.191 GC heap after
{Heap after GC invocations=102 (full 0):
 garbage-first heap   total 483328K, used 247808K [0x0000000080000000, 0x0000000100000000)
  region size 1024K, 9 young (9216K), 9 survivors (9216K)
 Metaspace       used 129667K, capacity 133443K, committed 133760K, reserved 1165312K
  class space    used 16475K, capacity 17933K, committed 18048K, reserved 1048576K
}
Event: 178.423 GC heap before
{Heap before GC invocations=102 (full 0):
 garbage-first heap   total 483328K, used 407552K [0x0000000080000000, 0x0000000100000000)
  region size 1024K, 165 young (168960K), 9 survivors (9216K)
 Metaspace       used 129671K, capacity 133447K, committed 133760K, reserved 1165312K
  class space    used 16476K, capacity 17934K, committed 18048K, reserved 1048576K
}
Event: 178.438 GC heap after
{Heap after GC invocations=103 (full 0):
 garbage-first heap   total 483328K, used 253952K [0x0000000080000000, 0x0000000100000000)
  region size 1024K, 15 young (15360K), 15 survivors (15360K)
 Metaspace       used 129671K, capacity 133447K, committed 133760K, reserved 1165312K
  class space    used 16476K, capacity 17934K, committed 18048K, reserved 1048576K
}
Event: 178.678 GC heap before
{Heap before GC invocations=103 (full 0):
 garbage-first heap   total 483328K, used 409600K [0x0000000080000000, 0x0000000100000000)
  region size 1024K, 167 young (171008K), 15 survivors (15360K)
 Metaspace       used 129675K, capacity 133447K, committed 133760K, reserved 1165312K
  class space    used 16477K, capacity 17934K, committed 18048K, reserved 1048576K
}
Event: 178.692 GC heap after
{Heap after GC invocations=104 (full 0):
 garbage-first heap   total 483328K, used 254087K [0x0000000080000000, 0x0000000100000000)
  region size 1024K, 8 young (8192K), 8 survivors (8192K)
 Metaspace       used 129675K, capacity 133447K, committed 133760K, reserved 1165312K
  class space    used 16477K, capacity 17934K, committed 18048K, reserved 1048576K
}
Event: 178.971 GC heap before
{Heap before GC invocations=104 (full 0):
 garbage-first heap   total 483328K, used 412807K [0x0000000080000000, 0x0000000100000000)
  region size 1024K, 163 young (166912K), 8 survivors (8192K)
 Metaspace       used 129680K, capacity 133449K, committed 133760K, reserved 1165312K
  class space    used 16477K, capacity 17934K, committed 18048K, reserved 1048576K
}
Event: 178.982 GC heap after
{Heap after GC invocations=105 (full 0):
 garbage-first heap   total 483328K, used 254599K [0x0000000080000000, 0x0000000100000000)
  region size 1024K, 8 young (8192K), 8 survivors (8192K)
 Metaspace       used 129680K, capacity 133449K, committed 133760K, reserved 1165312K
  class space    used 16477K, capacity 17934K, committed 18048K, reserved 1048576K
}
Event: 179.220 GC heap before
{Heap before GC invocations=105 (full 0):
 garbage-first heap   total 483328K, used 416391K [0x0000000080000000, 0x0000000100000000)
  region size 1024K, 166 young (169984K), 8 survivors (8192K)
 Metaspace       used 129682K, capacity 133449K, committed 133760K, reserved 1165312K
  class space    used 16477K, capacity 17934K, committed 18048K, reserved 1048576K
}
Event: 179.229 GC heap after
{Heap after GC invocations=106 (full 0):
 garbage-first heap   total 483328K, used 254346K [0x0000000080000000, 0x0000000100000000)
  region size 1024K, 8 young (8192K), 8 survivors (8192K)
 Metaspace       used 129682K, capacity 133449K, committed 133760K, reserved 1165312K
  class space    used 16477K, capacity 17934K, committed 18048K, reserved 1048576K
}
Event: 179.494 GC heap before
{Heap before GC invocations=106 (full 0):
 garbage-first heap   total 483328K, used 418186K [0x0000000080000000, 0x0000000100000000)
  region size 1024K, 168 young (172032K), 8 survivors (8192K)
 Metaspace       used 129683K, capacity 133450K, committed 133760K, reserved 1165312K
  class space    used 16477K, capacity 17934K, committed 18048K, reserved 1048576K
}
Event: 179.506 GC heap after
{Heap after GC invocations=107 (full 0):
 garbage-first heap   total 483328K, used 255334K [0x0000000080000000, 0x0000000100000000)
  region size 1024K, 9 young (9216K), 9 survivors (9216K)
 Metaspace       used 129683K, capacity 133450K, committed 133760K, reserved 1165312K
  class space    used 16477K, capacity 17934K, committed 18048K, reserved 1048576K
}
Event: 179.810 GC heap before
{Heap before GC invocations=107 (full 0):
 garbage-first heap   total 483328K, used 420198K [0x0000000080000000, 0x0000000100000000)
  region size 1024K, 170 young (174080K), 9 survivors (9216K)
 Metaspace       used 129691K, capacity 133451K, committed 133760K, reserved 1165312K
  class space    used 16477K, capacity 17934K, committed 18048K, reserved 1048576K
}
Event: 179.823 GC heap after
{Heap after GC invocations=108 (full 0):
 garbage-first heap   total 483328K, used 256012K [0x0000000080000000, 0x0000000100000000)
  region size 1024K, 10 young (10240K), 10 survivors (10240K)
 Metaspace       used 129691K, capacity 133451K, committed 133760K, reserved 1165312K
  class space    used 16477K, capacity 17934K, committed 18048K, reserved 1048576K
}
Event: 180.088 GC heap before
{Heap before GC invocations=108 (full 0):
 garbage-first heap   total 483328K, used 420876K [0x0000000080000000, 0x0000000100000000)
  region size 1024K, 171 young (175104K), 10 survivors (10240K)
 Metaspace       used 129692K, capacity 133451K, committed 133760K, reserved 1165312K
  class space    used 16477K, capacity 17934K, committed 18048K, reserved 1048576K
}
Event: 180.099 GC heap after
{Heap after GC invocations=109 (full 0):
 garbage-first heap   total 483328K, used 256491K [0x0000000080000000, 0x0000000100000000)
  region size 1024K, 10 young (10240K), 10 survivors (10240K)
 Metaspace       used 129692K, capacity 133451K, committed 133760K, reserved 1165312K
  class space    used 16477K, capacity 17934K, committed 18048K, reserved 1048576K
}
Event: 180.544 GC heap before
{Heap before GC invocations=109 (full 0):
 garbage-first heap   total 483328K, used 424427K [0x0000000080000000, 0x0000000100000000)
  region size 1024K, 173 young (177152K), 10 survivors (10240K)
 Metaspace       used 129702K, capacity 133452K, committed 133760K, reserved 1165312K
  class space    used 16477K, capacity 17934K, committed 18048K, reserved 1048576K
}
Event: 180.558 GC heap after
{Heap after GC invocations=110 (full 0):
 garbage-first heap   total 483328K, used 261661K [0x0000000080000000, 0x0000000100000000)
  region size 1024K, 15 young (15360K), 15 survivors (15360K)
 Metaspace       used 129702K, capacity 133452K, committed 133760K, reserved 1165312K
  class space    used 16477K, capacity 17934K, committed 18048K, reserved 1048576K
}
Event: 180.881 GC heap before
{Heap before GC invocations=110 (full 0):
 garbage-first heap   total 483328K, used 418333K [0x0000000080000000, 0x0000000100000000)
  region size 1024K, 168 young (172032K), 15 survivors (15360K)
 Metaspace       used 129705K, capacity 133452K, committed 133760K, reserved 1165312K
  class space    used 16477K, capacity 17934K, committed 18048K, reserved 1048576K
}
Event: 180.905 GC heap after
{Heap after GC invocations=111 (full 0):
 garbage-first heap   total 483328K, used 277206K [0x0000000080000000, 0x0000000100000000)
  region size 1024K, 21 young (21504K), 21 survivors (21504K)
 Metaspace       used 129705K, capacity 133452K, committed 133760K, reserved 1165312K
  class space    used 16477K, capacity 17934K, committed 18048K, reserved 1048576K
}
Event: 181.171 GC heap before
{Heap before GC invocations=111 (full 0):
 garbage-first heap   total 483328K, used 411350K [0x0000000080000000, 0x0000000100000000)
  region size 1024K, 152 young (155648K), 21 survivors (21504K)
 Metaspace       used 129708K, capacity 133453K, committed 133760K, reserved 1165312K
  class space    used 16477K, capacity 17934K, committed 18048K, reserved 1048576K
}

